[0.776s] Invoking command in '/home/st5dronelab/Ros/src/vanishing_turtlebot': PYTHONPATH=/home/st5dronelab/Ros/src/vanishing_turtlebot/build/vanishing_turtlebot/prefix_override:/home/st5dronelab/Ros/src/vanishing_turtlebot/install/vanishing_turtlebot/lib/python3.10/site-packages:${PYTHONPATH} /usr/bin/python3 setup.py egg_info --egg-base build/vanishing_turtlebot build --build-base /home/st5dronelab/Ros/src/vanishing_turtlebot/build/vanishing_turtlebot/build install --record /home/st5dronelab/Ros/src/vanishing_turtlebot/build/vanishing_turtlebot/install.log --install-scripts $base/lib/vanishing_turtlebot --single-version-externally-managed
[1.011s] /usr/lib/python3/dist-packages/setuptools/dist.py:723: UserWarning: Usage of dash-separated 'script-dir' will not be supported in future versions. Please use the underscore name 'script_dir' instead
[1.011s]   warnings.warn(
[1.019s] running egg_info
[1.019s] creating build/vanishing_turtlebot/vanishing_turtlebot.egg-info
[1.019s] writing build/vanishing_turtlebot/vanishing_turtlebot.egg-info/PKG-INFO
[1.020s] writing dependency_links to build/vanishing_turtlebot/vanishing_turtlebot.egg-info/dependency_links.txt
[1.020s] writing entry points to build/vanishing_turtlebot/vanishing_turtlebot.egg-info/entry_points.txt
[1.020s] writing requirements to build/vanishing_turtlebot/vanishing_turtlebot.egg-info/requires.txt
[1.020s] writing top-level names to build/vanishing_turtlebot/vanishing_turtlebot.egg-info/top_level.txt
[1.020s] writing manifest file 'build/vanishing_turtlebot/vanishing_turtlebot.egg-info/SOURCES.txt'
[1.022s] reading manifest file 'build/vanishing_turtlebot/vanishing_turtlebot.egg-info/SOURCES.txt'
[1.023s] writing manifest file 'build/vanishing_turtlebot/vanishing_turtlebot.egg-info/SOURCES.txt'
[1.023s] running build
[1.023s] running build_py
[1.023s] creating /home/st5dronelab/Ros/src/vanishing_turtlebot/build/vanishing_turtlebot/build
[1.023s] creating /home/st5dronelab/Ros/src/vanishing_turtlebot/build/vanishing_turtlebot/build/lib
[1.023s] creating /home/st5dronelab/Ros/src/vanishing_turtlebot/build/vanishing_turtlebot/build/lib/vanishing_turtlebot
[1.024s] copying vanishing_turtlebot/twist2pic.py -> /home/st5dronelab/Ros/src/vanishing_turtlebot/build/vanishing_turtlebot/build/lib/vanishing_turtlebot
[1.024s] copying vanishing_turtlebot/joy_teleop.py -> /home/st5dronelab/Ros/src/vanishing_turtlebot/build/vanishing_turtlebot/build/lib/vanishing_turtlebot
[1.028s] copying vanishing_turtlebot/controller.py -> /home/st5dronelab/Ros/src/vanishing_turtlebot/build/vanishing_turtlebot/build/lib/vanishing_turtlebot
[1.028s] copying vanishing_turtlebot/__init__.py -> /home/st5dronelab/Ros/src/vanishing_turtlebot/build/vanishing_turtlebot/build/lib/vanishing_turtlebot
[1.028s] running install
[1.029s] /usr/lib/python3/dist-packages/setuptools/command/install.py:34: SetuptoolsDeprecationWarning: setup.py install is deprecated. Use build and pip and other standards-based tools.
[1.029s]   warnings.warn(
[1.029s] running install_lib
[1.030s] creating /home/st5dronelab/Ros/src/vanishing_turtlebot/install/vanishing_turtlebot/lib/python3.10/site-packages/vanishing_turtlebot
[1.030s] copying /home/st5dronelab/Ros/src/vanishing_turtlebot/build/vanishing_turtlebot/build/lib/vanishing_turtlebot/twist2pic.py -> /home/st5dronelab/Ros/src/vanishing_turtlebot/install/vanishing_turtlebot/lib/python3.10/site-packages/vanishing_turtlebot
[1.030s] copying /home/st5dronelab/Ros/src/vanishing_turtlebot/build/vanishing_turtlebot/build/lib/vanishing_turtlebot/joy_teleop.py -> /home/st5dronelab/Ros/src/vanishing_turtlebot/install/vanishing_turtlebot/lib/python3.10/site-packages/vanishing_turtlebot
[1.030s] copying /home/st5dronelab/Ros/src/vanishing_turtlebot/build/vanishing_turtlebot/build/lib/vanishing_turtlebot/controller.py -> /home/st5dronelab/Ros/src/vanishing_turtlebot/install/vanishing_turtlebot/lib/python3.10/site-packages/vanishing_turtlebot
[1.030s] copying /home/st5dronelab/Ros/src/vanishing_turtlebot/build/vanishing_turtlebot/build/lib/vanishing_turtlebot/__init__.py -> /home/st5dronelab/Ros/src/vanishing_turtlebot/install/vanishing_turtlebot/lib/python3.10/site-packages/vanishing_turtlebot
[1.031s] byte-compiling /home/st5dronelab/Ros/src/vanishing_turtlebot/install/vanishing_turtlebot/lib/python3.10/site-packages/vanishing_turtlebot/twist2pic.py to twist2pic.cpython-310.pyc
[1.032s] byte-compiling /home/st5dronelab/Ros/src/vanishing_turtlebot/install/vanishing_turtlebot/lib/python3.10/site-packages/vanishing_turtlebot/joy_teleop.py to joy_teleop.cpython-310.pyc
[1.033s] byte-compiling /home/st5dronelab/Ros/src/vanishing_turtlebot/install/vanishing_turtlebot/lib/python3.10/site-packages/vanishing_turtlebot/controller.py to controller.cpython-310.pyc
[1.034s] byte-compiling /home/st5dronelab/Ros/src/vanishing_turtlebot/install/vanishing_turtlebot/lib/python3.10/site-packages/vanishing_turtlebot/__init__.py to __init__.cpython-310.pyc
[1.035s] running install_data
[1.035s] creating /home/st5dronelab/Ros/src/vanishing_turtlebot/install/vanishing_turtlebot/share/ament_index
[1.035s] creating /home/st5dronelab/Ros/src/vanishing_turtlebot/install/vanishing_turtlebot/share/ament_index/resource_index
[1.035s] creating /home/st5dronelab/Ros/src/vanishing_turtlebot/install/vanishing_turtlebot/share/ament_index/resource_index/packages
[1.036s] copying resource/vanishing_turtlebot -> /home/st5dronelab/Ros/src/vanishing_turtlebot/install/vanishing_turtlebot/share/ament_index/resource_index/packages
[1.036s] copying package.xml -> /home/st5dronelab/Ros/src/vanishing_turtlebot/install/vanishing_turtlebot/share/vanishing_turtlebot
[1.036s] creating /home/st5dronelab/Ros/src/vanishing_turtlebot/install/vanishing_turtlebot/share/vanishing_turtlebot/launch
[1.036s] copying launch/teleop.xml -> /home/st5dronelab/Ros/src/vanishing_turtlebot/install/vanishing_turtlebot/share/vanishing_turtlebot/launch
[1.036s] copying launch/vanishing.xml -> /home/st5dronelab/Ros/src/vanishing_turtlebot/install/vanishing_turtlebot/share/vanishing_turtlebot/launch
[1.036s] creating /home/st5dronelab/Ros/src/vanishing_turtlebot/install/vanishing_turtlebot/share/vanishing_turtlebot/config
[1.036s] copying config/mux.yaml -> /home/st5dronelab/Ros/src/vanishing_turtlebot/install/vanishing_turtlebot/share/vanishing_turtlebot/config
[1.036s] copying config/gui.perspective -> /home/st5dronelab/Ros/src/vanishing_turtlebot/install/vanishing_turtlebot/share/vanishing_turtlebot/config
[1.037s] creating /home/st5dronelab/Ros/src/vanishing_turtlebot/install/vanishing_turtlebot/share/vanishing_turtlebot/worlds
[1.037s] running install_egg_info
[1.038s] Copying build/vanishing_turtlebot/vanishing_turtlebot.egg-info to /home/st5dronelab/Ros/src/vanishing_turtlebot/install/vanishing_turtlebot/lib/python3.10/site-packages/vanishing_turtlebot-0.0.0-py3.10.egg-info
[1.039s] running install_scripts
[1.062s] Installing controller script to /home/st5dronelab/Ros/src/vanishing_turtlebot/install/vanishing_turtlebot/lib/vanishing_turtlebot
[1.062s] Installing joy_teleop script to /home/st5dronelab/Ros/src/vanishing_turtlebot/install/vanishing_turtlebot/lib/vanishing_turtlebot
[1.062s] Installing paramissue script to /home/st5dronelab/Ros/src/vanishing_turtlebot/install/vanishing_turtlebot/lib/vanishing_turtlebot
[1.062s] Installing twist2pic script to /home/st5dronelab/Ros/src/vanishing_turtlebot/install/vanishing_turtlebot/lib/vanishing_turtlebot
[1.062s] writing list of installed files to '/home/st5dronelab/Ros/src/vanishing_turtlebot/build/vanishing_turtlebot/install.log'
[1.092s] Invoked command in '/home/st5dronelab/Ros/src/vanishing_turtlebot' returned '0': PYTHONPATH=/home/st5dronelab/Ros/src/vanishing_turtlebot/build/vanishing_turtlebot/prefix_override:/home/st5dronelab/Ros/src/vanishing_turtlebot/install/vanishing_turtlebot/lib/python3.10/site-packages:${PYTHONPATH} /usr/bin/python3 setup.py egg_info --egg-base build/vanishing_turtlebot build --build-base /home/st5dronelab/Ros/src/vanishing_turtlebot/build/vanishing_turtlebot/build install --record /home/st5dronelab/Ros/src/vanishing_turtlebot/build/vanishing_turtlebot/install.log --install-scripts $base/lib/vanishing_turtlebot --single-version-externally-managed
