/home/st5dronelab/Ros/src/vanishing_turtlebot/install/vanishing_turtlebot/lib/python3.10/site-packages/vanishing_turtlebot/twist2pic.py
/home/st5dronelab/Ros/src/vanishing_turtlebot/install/vanishing_turtlebot/lib/python3.10/site-packages/vanishing_turtlebot/joy_teleop.py
/home/st5dronelab/Ros/src/vanishing_turtlebot/install/vanishing_turtlebot/lib/python3.10/site-packages/vanishing_turtlebot/controller.py
/home/st5dronelab/Ros/src/vanishing_turtlebot/install/vanishing_turtlebot/lib/python3.10/site-packages/vanishing_turtlebot/__init__.py
/home/st5dronelab/Ros/src/vanishing_turtlebot/install/vanishing_turtlebot/lib/python3.10/site-packages/vanishing_turtlebot/__pycache__/twist2pic.cpython-310.pyc
/home/st5dronelab/Ros/src/vanishing_turtlebot/install/vanishing_turtlebot/lib/python3.10/site-packages/vanishing_turtlebot/__pycache__/joy_teleop.cpython-310.pyc
/home/st5dronelab/Ros/src/vanishing_turtlebot/install/vanishing_turtlebot/lib/python3.10/site-packages/vanishing_turtlebot/__pycache__/controller.cpython-310.pyc
/home/st5dronelab/Ros/src/vanishing_turtlebot/install/vanishing_turtlebot/lib/python3.10/site-packages/vanishing_turtlebot/__pycache__/__init__.cpython-310.pyc
/home/st5dronelab/Ros/src/vanishing_turtlebot/install/vanishing_turtlebot/share/ament_index/resource_index/packages/vanishing_turtlebot
/home/st5dronelab/Ros/src/vanishing_turtlebot/install/vanishing_turtlebot/share/vanishing_turtlebot/package.xml
/home/st5dronelab/Ros/src/vanishing_turtlebot/install/vanishing_turtlebot/share/vanishing_turtlebot/launch/teleop.xml
/home/st5dronelab/Ros/src/vanishing_turtlebot/install/vanishing_turtlebot/share/vanishing_turtlebot/launch/vanishing.xml
/home/st5dronelab/Ros/src/vanishing_turtlebot/install/vanishing_turtlebot/share/vanishing_turtlebot/config
/home/st5dronelab/Ros/src/vanishing_turtlebot/install/vanishing_turtlebot/share/vanishing_turtlebot/config/mux.yaml
/home/st5dronelab/Ros/src/vanishing_turtlebot/install/vanishing_turtlebot/share/vanishing_turtlebot/config/gui.perspective
/home/st5dronelab/Ros/src/vanishing_turtlebot/install/vanishing_turtlebot/share/vanishing_turtlebot/worlds
/home/st5dronelab/Ros/src/vanishing_turtlebot/install/vanishing_turtlebot/lib/python3.10/site-packages/vanishing_turtlebot-0.0.0-py3.10.egg-info/entry_points.txt
/home/st5dronelab/Ros/src/vanishing_turtlebot/install/vanishing_turtlebot/lib/python3.10/site-packages/vanishing_turtlebot-0.0.0-py3.10.egg-info/dependency_links.txt
/home/st5dronelab/Ros/src/vanishing_turtlebot/install/vanishing_turtlebot/lib/python3.10/site-packages/vanishing_turtlebot-0.0.0-py3.10.egg-info/PKG-INFO
/home/st5dronelab/Ros/src/vanishing_turtlebot/install/vanishing_turtlebot/lib/python3.10/site-packages/vanishing_turtlebot-0.0.0-py3.10.egg-info/zip-safe
/home/st5dronelab/Ros/src/vanishing_turtlebot/install/vanishing_turtlebot/lib/python3.10/site-packages/vanishing_turtlebot-0.0.0-py3.10.egg-info/requires.txt
/home/st5dronelab/Ros/src/vanishing_turtlebot/install/vanishing_turtlebot/lib/python3.10/site-packages/vanishing_turtlebot-0.0.0-py3.10.egg-info/top_level.txt
/home/st5dronelab/Ros/src/vanishing_turtlebot/install/vanishing_turtlebot/lib/python3.10/site-packages/vanishing_turtlebot-0.0.0-py3.10.egg-info/SOURCES.txt
/home/st5dronelab/Ros/src/vanishing_turtlebot/install/vanishing_turtlebot/lib/vanishing_turtlebot/controller
/home/st5dronelab/Ros/src/vanishing_turtlebot/install/vanishing_turtlebot/lib/vanishing_turtlebot/joy_teleop
/home/st5dronelab/Ros/src/vanishing_turtlebot/install/vanishing_turtlebot/lib/vanishing_turtlebot/paramissue
/home/st5dronelab/Ros/src/vanishing_turtlebot/install/vanishing_turtlebot/lib/vanishing_turtlebot/twist2pic
