[0.975s] DEBUG:colcon:Command line arguments: ['/usr/bin/colcon', 'build']
[0.976s] DEBUG:colcon:Parsed command line arguments: Namespace(log_base=None, log_level=None, verb_name='build', build_base='build', install_base='install', merge_install=False, symlink_install=False, test_result_base=None, continue_on_error=False, executor='parallel', parallel_workers=8, event_handlers=None, ignore_user_meta=False, metas=['./colcon.meta'], base_paths=['.'], packages_ignore=None, packages_ignore_regex=None, paths=None, packages_up_to=None, packages_up_to_regex=None, packages_above=None, packages_above_and_dependencies=None, packages_above_depth=None, packages_select_by_dep=None, packages_skip_by_dep=None, packages_skip_up_to=None, packages_select_build_failed=False, packages_skip_build_finished=False, packages_select_test_failures=False, packages_skip_test_passed=False, packages_select=None, packages_skip=None, packages_select_regex=None, packages_skip_regex=None, packages_start=None, packages_end=None, allow_overriding=[], cmake_args=None, cmake_target=None, cmake_target_skip_unavailable=False, cmake_clean_cache=False, cmake_clean_first=False, cmake_force_configure=False, ament_cmake_args=None, catkin_cmake_args=None, catkin_skip_building_tests=False, verb_parser=<colcon_defaults.argument_parser.defaults.DefaultArgumentsDecorator object at 0x7faf3d4c52d0>, verb_extension=<colcon_core.verb.build.BuildVerb object at 0x7faf3d6bbfa0>, main=<bound method BuildVerb.main of <colcon_core.verb.build.BuildVerb object at 0x7faf3d6bbfa0>>)
[1.024s] Level 1:colcon.colcon_core.package_discovery:discover_packages(colcon_meta) check parameters
[1.024s] Level 1:colcon.colcon_core.package_discovery:discover_packages(recursive) check parameters
[1.024s] Level 1:colcon.colcon_core.package_discovery:discover_packages(ignore) check parameters
[1.024s] Level 1:colcon.colcon_core.package_discovery:discover_packages(path) check parameters
[1.024s] Level 1:colcon.colcon_core.package_discovery:discover_packages(colcon_meta) discover
[1.024s] Level 1:colcon.colcon_core.package_discovery:discover_packages(recursive) discover
[1.024s] INFO:colcon.colcon_core.package_discovery:Crawling recursively for packages in '/home/st5dronelab/Ros/src/vanishing_turtlebot'
[1.024s] Level 1:colcon.colcon_core.package_identification:_identify(.) by extensions ['ignore', 'ignore_ament_install']
[1.024s] Level 1:colcon.colcon_core.package_identification:_identify(.) by extension 'ignore'
[1.024s] Level 1:colcon.colcon_core.package_identification:_identify(.) by extension 'ignore_ament_install'
[1.024s] Level 1:colcon.colcon_core.package_identification:_identify(.) by extensions ['colcon_pkg']
[1.024s] Level 1:colcon.colcon_core.package_identification:_identify(.) by extension 'colcon_pkg'
[1.024s] Level 1:colcon.colcon_core.package_identification:_identify(.) by extensions ['colcon_meta']
[1.025s] Level 1:colcon.colcon_core.package_identification:_identify(.) by extension 'colcon_meta'
[1.025s] Level 1:colcon.colcon_core.package_identification:_identify(.) by extensions ['ros']
[1.025s] Level 1:colcon.colcon_core.package_identification:_identify(.) by extension 'ros'
[1.039s] DEBUG:colcon.colcon_core.package_identification:Package '.' with type 'ros.ament_python' and name 'vanishing_turtlebot'
[1.039s] Level 1:colcon.colcon_core.package_discovery:discover_packages(recursive) using defaults
[1.039s] Level 1:colcon.colcon_core.package_discovery:discover_packages(ignore) discover
[1.039s] Level 1:colcon.colcon_core.package_discovery:discover_packages(ignore) using defaults
[1.039s] Level 1:colcon.colcon_core.package_discovery:discover_packages(path) discover
[1.040s] Level 1:colcon.colcon_core.package_discovery:discover_packages(path) using defaults
[1.129s] Level 1:colcon.colcon_core.package_discovery:discover_packages(prefix_path) check parameters
[1.129s] Level 1:colcon.colcon_core.package_discovery:discover_packages(prefix_path) discover
[1.158s] DEBUG:colcon.colcon_installed_package_information.package_discovery:Found 0 installed packages in /home/st5dronelab/ros2_ws/install
[1.172s] DEBUG:colcon.colcon_installed_package_information.package_discovery:Found 269 installed packages in /opt/ros/humble
[1.173s] Level 1:colcon.colcon_core.package_discovery:discover_packages(prefix_path) using defaults
[1.259s] Level 5:colcon.colcon_core.verb:set package 'vanishing_turtlebot' build argument 'cmake_args' from command line to 'None'
[1.259s] Level 5:colcon.colcon_core.verb:set package 'vanishing_turtlebot' build argument 'cmake_target' from command line to 'None'
[1.259s] Level 5:colcon.colcon_core.verb:set package 'vanishing_turtlebot' build argument 'cmake_target_skip_unavailable' from command line to 'False'
[1.259s] Level 5:colcon.colcon_core.verb:set package 'vanishing_turtlebot' build argument 'cmake_clean_cache' from command line to 'False'
[1.259s] Level 5:colcon.colcon_core.verb:set package 'vanishing_turtlebot' build argument 'cmake_clean_first' from command line to 'False'
[1.259s] Level 5:colcon.colcon_core.verb:set package 'vanishing_turtlebot' build argument 'cmake_force_configure' from command line to 'False'
[1.259s] Level 5:colcon.colcon_core.verb:set package 'vanishing_turtlebot' build argument 'ament_cmake_args' from command line to 'None'
[1.259s] Level 5:colcon.colcon_core.verb:set package 'vanishing_turtlebot' build argument 'catkin_cmake_args' from command line to 'None'
[1.259s] Level 5:colcon.colcon_core.verb:set package 'vanishing_turtlebot' build argument 'catkin_skip_building_tests' from command line to 'False'
[1.259s] DEBUG:colcon.colcon_core.verb:Building package 'vanishing_turtlebot' with the following arguments: {'ament_cmake_args': None, 'build_base': '/home/st5dronelab/Ros/src/vanishing_turtlebot/build/vanishing_turtlebot', 'catkin_cmake_args': None, 'catkin_skip_building_tests': False, 'cmake_args': None, 'cmake_clean_cache': False, 'cmake_clean_first': False, 'cmake_force_configure': False, 'cmake_target': None, 'cmake_target_skip_unavailable': False, 'install_base': '/home/st5dronelab/Ros/src/vanishing_turtlebot/install/vanishing_turtlebot', 'merge_install': False, 'path': '/home/st5dronelab/Ros/src/vanishing_turtlebot', 'symlink_install': False, 'test_result_base': None}
[1.272s] INFO:colcon.colcon_core.executor:Executing jobs using 'parallel' executor
[1.286s] DEBUG:colcon.colcon_parallel_executor.executor.parallel:run_until_complete
[1.287s] INFO:colcon.colcon_ros.task.ament_python.build:Building ROS package in '/home/st5dronelab/Ros/src/vanishing_turtlebot' with build type 'ament_python'
[1.287s] Level 1:colcon.colcon_core.shell:create_environment_hook('vanishing_turtlebot', 'ament_prefix_path')
[1.302s] INFO:colcon.colcon_core.plugin_system:Skipping extension 'colcon_core.shell.bat': Not used on non-Windows systems
[1.302s] INFO:colcon.colcon_core.shell:Creating environment hook '/home/st5dronelab/Ros/src/vanishing_turtlebot/install/vanishing_turtlebot/share/vanishing_turtlebot/hook/ament_prefix_path.ps1'
[1.303s] INFO:colcon.colcon_core.shell:Creating environment descriptor '/home/st5dronelab/Ros/src/vanishing_turtlebot/install/vanishing_turtlebot/share/vanishing_turtlebot/hook/ament_prefix_path.dsv'
[1.303s] INFO:colcon.colcon_core.shell:Creating environment hook '/home/st5dronelab/Ros/src/vanishing_turtlebot/install/vanishing_turtlebot/share/vanishing_turtlebot/hook/ament_prefix_path.sh'
[1.318s] INFO:colcon.colcon_core.shell:Skip shell extension 'powershell' for command environment: Not usable outside of PowerShell
[1.318s] DEBUG:colcon.colcon_core.shell:Skip shell extension 'dsv' for command environment
[1.629s] INFO:colcon.colcon_core.task.python.build:Building Python package in '/home/st5dronelab/Ros/src/vanishing_turtlebot'
[1.646s] INFO:colcon.colcon_core.shell:Skip shell extension 'powershell' for command environment: Not usable outside of PowerShell
[1.646s] DEBUG:colcon.colcon_core.shell:Skip shell extension 'dsv' for command environment
[2.050s] DEBUG:colcon.colcon_core.event_handler.log_command:Invoking command in '/home/st5dronelab/Ros/src/vanishing_turtlebot': PYTHONPATH=/home/st5dronelab/Ros/src/vanishing_turtlebot/build/vanishing_turtlebot/prefix_override:/home/st5dronelab/Ros/src/vanishing_turtlebot/install/vanishing_turtlebot/lib/python3.10/site-packages:${PYTHONPATH} /usr/bin/python3 setup.py egg_info --egg-base build/vanishing_turtlebot build --build-base /home/st5dronelab/Ros/src/vanishing_turtlebot/build/vanishing_turtlebot/build install --record /home/st5dronelab/Ros/src/vanishing_turtlebot/build/vanishing_turtlebot/install.log --install-scripts $base/lib/vanishing_turtlebot --single-version-externally-managed
[2.367s] DEBUG:colcon.colcon_core.event_handler.log_command:Invoked command in '/home/st5dronelab/Ros/src/vanishing_turtlebot' returned '0': PYTHONPATH=/home/st5dronelab/Ros/src/vanishing_turtlebot/build/vanishing_turtlebot/prefix_override:/home/st5dronelab/Ros/src/vanishing_turtlebot/install/vanishing_turtlebot/lib/python3.10/site-packages:${PYTHONPATH} /usr/bin/python3 setup.py egg_info --egg-base build/vanishing_turtlebot build --build-base /home/st5dronelab/Ros/src/vanishing_turtlebot/build/vanishing_turtlebot/build install --record /home/st5dronelab/Ros/src/vanishing_turtlebot/build/vanishing_turtlebot/install.log --install-scripts $base/lib/vanishing_turtlebot --single-version-externally-managed
[2.386s] Level 1:colcon.colcon_core.environment:checking '/home/st5dronelab/Ros/src/vanishing_turtlebot/install/vanishing_turtlebot' for CMake module files
[2.387s] Level 1:colcon.colcon_core.environment:checking '/home/st5dronelab/Ros/src/vanishing_turtlebot/install/vanishing_turtlebot' for CMake config files
[2.388s] Level 1:colcon.colcon_core.environment:checking '/home/st5dronelab/Ros/src/vanishing_turtlebot/install/vanishing_turtlebot/lib'
[2.388s] Level 1:colcon.colcon_core.environment:checking '/home/st5dronelab/Ros/src/vanishing_turtlebot/install/vanishing_turtlebot/bin'
[2.388s] Level 1:colcon.colcon_core.environment:checking '/home/st5dronelab/Ros/src/vanishing_turtlebot/install/vanishing_turtlebot/lib/pkgconfig/vanishing_turtlebot.pc'
[2.389s] Level 1:colcon.colcon_core.environment:checking '/home/st5dronelab/Ros/src/vanishing_turtlebot/install/vanishing_turtlebot/lib/python3.10/site-packages'
[2.390s] Level 1:colcon.colcon_core.shell:create_environment_hook('vanishing_turtlebot', 'pythonpath')
[2.405s] INFO:colcon.colcon_core.shell:Creating environment hook '/home/st5dronelab/Ros/src/vanishing_turtlebot/install/vanishing_turtlebot/share/vanishing_turtlebot/hook/pythonpath.ps1'
[2.407s] INFO:colcon.colcon_core.shell:Creating environment descriptor '/home/st5dronelab/Ros/src/vanishing_turtlebot/install/vanishing_turtlebot/share/vanishing_turtlebot/hook/pythonpath.dsv'
[2.407s] INFO:colcon.colcon_core.shell:Creating environment hook '/home/st5dronelab/Ros/src/vanishing_turtlebot/install/vanishing_turtlebot/share/vanishing_turtlebot/hook/pythonpath.sh'
[2.408s] Level 1:colcon.colcon_core.environment:checking '/home/st5dronelab/Ros/src/vanishing_turtlebot/install/vanishing_turtlebot/bin'
[2.408s] Level 1:colcon.colcon_core.environment:create_environment_scripts_only(vanishing_turtlebot)
[2.424s] INFO:colcon.colcon_core.shell:Creating package script '/home/st5dronelab/Ros/src/vanishing_turtlebot/install/vanishing_turtlebot/share/vanishing_turtlebot/package.ps1'
[2.425s] INFO:colcon.colcon_core.shell:Creating package descriptor '/home/st5dronelab/Ros/src/vanishing_turtlebot/install/vanishing_turtlebot/share/vanishing_turtlebot/package.dsv'
[2.426s] INFO:colcon.colcon_core.shell:Creating package script '/home/st5dronelab/Ros/src/vanishing_turtlebot/install/vanishing_turtlebot/share/vanishing_turtlebot/package.sh'
[2.426s] INFO:colcon.colcon_core.shell:Creating package script '/home/st5dronelab/Ros/src/vanishing_turtlebot/install/vanishing_turtlebot/share/vanishing_turtlebot/package.bash'
[2.427s] INFO:colcon.colcon_core.shell:Creating package script '/home/st5dronelab/Ros/src/vanishing_turtlebot/install/vanishing_turtlebot/share/vanishing_turtlebot/package.zsh'
[2.428s] Level 1:colcon.colcon_core.environment:create_file_with_runtime_dependencies(/home/st5dronelab/Ros/src/vanishing_turtlebot/install/vanishing_turtlebot/share/colcon-core/packages/vanishing_turtlebot)
[2.428s] DEBUG:colcon.colcon_parallel_executor.executor.parallel:closing loop
[2.428s] DEBUG:colcon.colcon_parallel_executor.executor.parallel:loop closed
[2.428s] DEBUG:colcon.colcon_parallel_executor.executor.parallel:run_until_complete finished with '0'
[2.428s] DEBUG:colcon.colcon_core.event_reactor:joining thread
[2.449s] INFO:colcon.colcon_core.plugin_system:Skipping extension 'colcon_notification.desktop_notification.terminal_notifier': Not used on non-Darwin systems
[2.449s] INFO:colcon.colcon_core.plugin_system:Skipping extension 'colcon_notification.desktop_notification.win32': Not used on non-Windows systems
[2.450s] INFO:colcon.colcon_notification.desktop_notification:Sending desktop notification using 'notify2'
[2.462s] DEBUG:colcon.colcon_core.event_reactor:joined thread
[2.477s] INFO:colcon.colcon_core.shell:Creating prefix script '/home/st5dronelab/Ros/src/vanishing_turtlebot/install/local_setup.ps1'
[2.478s] INFO:colcon.colcon_core.shell:Creating prefix util module '/home/st5dronelab/Ros/src/vanishing_turtlebot/install/_local_setup_util_ps1.py'
[2.479s] INFO:colcon.colcon_core.shell:Creating prefix chain script '/home/st5dronelab/Ros/src/vanishing_turtlebot/install/setup.ps1'
[2.494s] INFO:colcon.colcon_core.shell:Creating prefix script '/home/st5dronelab/Ros/src/vanishing_turtlebot/install/local_setup.sh'
[2.495s] INFO:colcon.colcon_core.shell:Creating prefix util module '/home/st5dronelab/Ros/src/vanishing_turtlebot/install/_local_setup_util_sh.py'
[2.495s] INFO:colcon.colcon_core.shell:Creating prefix chain script '/home/st5dronelab/Ros/src/vanishing_turtlebot/install/setup.sh'
[2.510s] INFO:colcon.colcon_core.shell:Creating prefix script '/home/st5dronelab/Ros/src/vanishing_turtlebot/install/local_setup.bash'
[2.511s] INFO:colcon.colcon_core.shell:Creating prefix chain script '/home/st5dronelab/Ros/src/vanishing_turtlebot/install/setup.bash'
[2.526s] INFO:colcon.colcon_core.shell:Creating prefix script '/home/st5dronelab/Ros/src/vanishing_turtlebot/install/local_setup.zsh'
[2.526s] INFO:colcon.colcon_core.shell:Creating prefix chain script '/home/st5dronelab/Ros/src/vanishing_turtlebot/install/setup.zsh'
