[0.780s] Invoking command in '/home/st5dronelab/Ros/src/vanishing_turtlebot': PYTHONPATH=/home/st5dronelab/Ros/src/vanishing_turtlebot/build/vanishing_turtlebot/prefix_override:/home/st5dronelab/Ros/src/vanishing_turtlebot/install/vanishing_turtlebot/lib/python3.10/site-packages:${PYTHONPATH} /usr/bin/python3 setup.py egg_info --egg-base build/vanishing_turtlebot build --build-base /home/st5dronelab/Ros/src/vanishing_turtlebot/build/vanishing_turtlebot/build install --record /home/st5dronelab/Ros/src/vanishing_turtlebot/build/vanishing_turtlebot/install.log --install-scripts $base/lib/vanishing_turtlebot --single-version-externally-managed
[1.013s] /usr/lib/python3/dist-packages/setuptools/dist.py:723: UserWarning: Usage of dash-separated 'script-dir' will not be supported in future versions. Please use the underscore name 'script_dir' instead
[1.013s]   warnings.warn(
[1.020s] running egg_info
[1.021s] writing build/vanishing_turtlebot/vanishing_turtlebot.egg-info/PKG-INFO
[1.021s] writing dependency_links to build/vanishing_turtlebot/vanishing_turtlebot.egg-info/dependency_links.txt
[1.021s] writing entry points to build/vanishing_turtlebot/vanishing_turtlebot.egg-info/entry_points.txt
[1.022s] writing requirements to build/vanishing_turtlebot/vanishing_turtlebot.egg-info/requires.txt
[1.022s] writing top-level names to build/vanishing_turtlebot/vanishing_turtlebot.egg-info/top_level.txt
[1.023s] reading manifest file 'build/vanishing_turtlebot/vanishing_turtlebot.egg-info/SOURCES.txt'
[1.030s] writing manifest file 'build/vanishing_turtlebot/vanishing_turtlebot.egg-info/SOURCES.txt'
[1.031s] running build
[1.031s] running build_py
[1.031s] copying vanishing_turtlebot/joy_teleop.py -> /home/st5dronelab/Ros/src/vanishing_turtlebot/build/vanishing_turtlebot/build/lib/vanishing_turtlebot
[1.032s] running install
[1.032s] /usr/lib/python3/dist-packages/setuptools/command/install.py:34: SetuptoolsDeprecationWarning: setup.py install is deprecated. Use build and pip and other standards-based tools.
[1.032s]   warnings.warn(
[1.033s] running install_lib
[1.035s] copying /home/st5dronelab/Ros/src/vanishing_turtlebot/build/vanishing_turtlebot/build/lib/vanishing_turtlebot/joy_teleop.py -> /home/st5dronelab/Ros/src/vanishing_turtlebot/install/vanishing_turtlebot/lib/python3.10/site-packages/vanishing_turtlebot
[1.036s] byte-compiling /home/st5dronelab/Ros/src/vanishing_turtlebot/install/vanishing_turtlebot/lib/python3.10/site-packages/vanishing_turtlebot/joy_teleop.py to joy_teleop.cpython-310.pyc
[1.037s] running install_data
[1.038s] running install_egg_info
[1.041s] removing '/home/st5dronelab/Ros/src/vanishing_turtlebot/install/vanishing_turtlebot/lib/python3.10/site-packages/vanishing_turtlebot-0.0.0-py3.10.egg-info' (and everything under it)
[1.041s] Copying build/vanishing_turtlebot/vanishing_turtlebot.egg-info to /home/st5dronelab/Ros/src/vanishing_turtlebot/install/vanishing_turtlebot/lib/python3.10/site-packages/vanishing_turtlebot-0.0.0-py3.10.egg-info
[1.043s] running install_scripts
[1.067s] Installing controller script to /home/st5dronelab/Ros/src/vanishing_turtlebot/install/vanishing_turtlebot/lib/vanishing_turtlebot
[1.068s] Installing joy_teleop script to /home/st5dronelab/Ros/src/vanishing_turtlebot/install/vanishing_turtlebot/lib/vanishing_turtlebot
[1.068s] Installing paramissue script to /home/st5dronelab/Ros/src/vanishing_turtlebot/install/vanishing_turtlebot/lib/vanishing_turtlebot
[1.068s] Installing twist2pic script to /home/st5dronelab/Ros/src/vanishing_turtlebot/install/vanishing_turtlebot/lib/vanishing_turtlebot
[1.068s] writing list of installed files to '/home/st5dronelab/Ros/src/vanishing_turtlebot/build/vanishing_turtlebot/install.log'
[1.092s] Invoked command in '/home/st5dronelab/Ros/src/vanishing_turtlebot' returned '0': PYTHONPATH=/home/st5dronelab/Ros/src/vanishing_turtlebot/build/vanishing_turtlebot/prefix_override:/home/st5dronelab/Ros/src/vanishing_turtlebot/install/vanishing_turtlebot/lib/python3.10/site-packages:${PYTHONPATH} /usr/bin/python3 setup.py egg_info --egg-base build/vanishing_turtlebot build --build-base /home/st5dronelab/Ros/src/vanishing_turtlebot/build/vanishing_turtlebot/build install --record /home/st5dronelab/Ros/src/vanishing_turtlebot/build/vanishing_turtlebot/install.log --install-scripts $base/lib/vanishing_turtlebot --single-version-externally-managed
